2025-07-31 06:33:44 [main] INFO  eBanking - Application is launched
2025-07-31 06:33:44 [main] INFO  eBanking - Enter Username
2025-07-31 06:33:44 [main] INFO  eBanking - Enter Password
2025-07-31 06:33:44 [main] INFO  eBanking - Click Submit
2025-07-31 06:33:45 [main] INFO  eBanking - Testcase passed
2025-07-31 06:35:41 [main] INFO  eBanking - Application is launched
2025-07-31 06:35:41 [main] INFO  eBanking - Enter Username
2025-07-31 06:35:42 [main] INFO  eBanking - Enter Password
2025-07-31 06:35:42 [main] INFO  eBanking - Click Submit
2025-07-31 06:35:43 [main] INFO  eBanking - Testcase passed
2025-07-31 22:26:43 [main] INFO  eBanking - Application is launched
2025-07-31 22:26:43 [main] INFO  eBanking - Enter Username
2025-07-31 22:26:43 [main] INFO  eBanking - Enter Password
2025-07-31 22:26:43 [main] INFO  eBanking - Click Submit
2025-07-31 22:26:44 [main] INFO  eBanking - Testcase passed
2025-08-01 06:47:45 [main] INFO  eBanking - Application is launched
2025-08-01 06:47:45 [main] INFO  eBanking - Enter Username
2025-08-01 06:47:45 [main] INFO  eBanking - Enter Password
2025-08-01 06:47:46 [main] INFO  eBanking - Click Submit
2025-08-01 06:47:47 [main] INFO  eBanking - Testcase passed
2025-08-01 07:08:25 [main] INFO  eBanking - Application is launched
2025-08-01 07:08:25 [main] INFO  eBanking - Enter Username
2025-08-01 07:08:25 [main] INFO  eBanking - Enter Password
2025-08-01 07:08:25 [main] INFO  eBanking - Click Submit
2025-08-01 07:08:26 [main] INFO  eBanking - Testcase passed
2025-08-01 07:23:24 [main] INFO  eBanking - Application is launched
2025-08-01 07:23:24 [main] INFO  eBanking - Enter Username
2025-08-01 07:23:25 [main] INFO  eBanking - Enter Password
2025-08-01 07:23:25 [main] INFO  eBanking - Click Submit
2025-08-01 07:23:26 [main] INFO  eBanking - Testcase passed
2025-08-01 07:25:47 [main] INFO  eBanking - Application is launched
2025-08-01 07:25:47 [main] INFO  eBanking - Enter Username
2025-08-01 07:25:49 [main] INFO  eBanking - Enter Password
2025-08-01 07:25:49 [main] INFO  eBanking - Click Submit
2025-08-01 07:25:51 [main] INFO  eBanking - Testcase passed
2025-08-01 23:18:52 [main] INFO  eBanking - Application is launched
2025-08-01 23:18:52 [main] INFO  eBanking - Enter Username
2025-08-01 23:18:54 [main] INFO  eBanking - Enter Password
2025-08-01 23:18:54 [main] INFO  eBanking - Click Submit
2025-08-01 23:18:55 [main] INFO  eBanking - Testcase passed
2025-08-01 23:20:30 [main] INFO  eBanking - Application is launched
2025-08-01 23:20:30 [main] INFO  eBanking - Enter Username
2025-08-01 23:20:30 [main] INFO  eBanking - Enter Password
2025-08-01 23:20:30 [main] INFO  eBanking - Click Submit
2025-08-01 23:20:31 [main] INFO  eBanking - Testcase passed
2025-08-02 06:39:37 [main] INFO  eBanking - Application is launched
2025-08-02 06:39:37 [main] INFO  eBanking - Enter Username
2025-08-02 06:39:37 [main] INFO  eBanking - Enter Password
2025-08-02 06:39:37 [main] INFO  eBanking - Click Submit
2025-08-02 06:39:38 [main] INFO  eBanking - Testcase passed
2025-08-02 06:40:28 [main] INFO  eBanking - Application is launched
2025-08-02 06:40:28 [main] INFO  eBanking - Enter Username
2025-08-02 06:40:28 [main] INFO  eBanking - Enter Password
2025-08-02 06:40:28 [main] INFO  eBanking - Click Submit
2025-08-02 06:40:30 [main] INFO  eBanking - Testcase passed
2025-08-02 06:42:04 [main] INFO  eBanking - Application is launched
2025-08-02 06:42:04 [main] INFO  eBanking - Enter Username
2025-08-02 06:42:06 [main] INFO  eBanking - Enter Password
2025-08-02 06:42:06 [main] INFO  eBanking - Click Submit
2025-08-02 06:42:07 [main] INFO  eBanking - Testcase passed
2025-08-02 06:43:01 [main] INFO  eBanking - Application is launched
2025-08-02 06:43:01 [main] INFO  eBanking - Enter Username
2025-08-02 06:43:01 [main] INFO  eBanking - Enter Password
2025-08-02 06:43:02 [main] INFO  eBanking - Click Submit
2025-08-02 06:43:04 [main] INFO  eBanking - Testcase passed
2025-08-02 06:43:28 [main] INFO  eBanking - Application is launched
2025-08-02 06:43:28 [main] INFO  eBanking - Enter Username
2025-08-02 06:43:28 [main] INFO  eBanking - Enter Password
2025-08-02 06:43:28 [main] INFO  eBanking - Click Submit
2025-08-02 06:43:29 [main] INFO  eBanking - Testcase passed
2025-08-03 07:35:28 [main] INFO  eBanking - Application is launched
2025-08-03 07:35:28 [main] INFO  eBanking - Enter Username
2025-08-03 07:35:28 [main] INFO  eBanking - Enter Password
2025-08-03 07:35:28 [main] INFO  eBanking - Click Submit
2025-08-04 07:21:35 [main] INFO  eBanking - Application is launched
2025-08-04 07:21:35 [main] INFO  eBanking - Enter Username
2025-08-04 07:21:35 [main] INFO  eBanking - Enter Password
2025-08-04 07:21:35 [main] INFO  eBanking - Click Submit
2025-08-05 21:40:16 [main] INFO  eBanking - Application is launched
2025-08-05 21:40:16 [main] INFO  eBanking - Enter Username
2025-08-05 21:40:16 [main] INFO  eBanking - Enter Password
2025-08-05 21:40:16 [main] INFO  eBanking - Click Submit
2025-08-05 21:56:51 [main] INFO  eBanking - Application is launched
2025-08-05 21:56:51 [main] INFO  eBanking - Enter Username
2025-08-05 21:56:51 [main] INFO  eBanking - Enter Password
2025-08-05 21:56:52 [main] INFO  eBanking - Click Submit
2025-08-05 22:16:28 [main] INFO  eBanking - Application is launched
2025-08-05 22:16:28 [main] INFO  eBanking - Enter Username
2025-08-05 22:16:28 [main] INFO  eBanking - Enter Password
2025-08-05 22:16:28 [main] INFO  eBanking - Click Submit
2025-08-05 22:19:36 [main] INFO  eBanking - Application is launched
2025-08-05 22:19:36 [main] INFO  eBanking - Enter Username
2025-08-05 22:19:37 [main] INFO  eBanking - Enter Password
2025-08-05 22:19:37 [main] INFO  eBanking - Click Submit
2025-08-05 22:24:22 [main] INFO  eBanking - Application is launched
2025-08-05 22:24:22 [main] INFO  eBanking - Enter Username
2025-08-05 22:24:22 [main] INFO  eBanking - Enter Password
2025-08-05 22:24:22 [main] INFO  eBanking - Click Submit
2025-08-05 22:26:22 [main] INFO  eBanking - Application is launched
2025-08-05 22:26:22 [main] INFO  eBanking - Enter Username
2025-08-05 22:26:22 [main] INFO  eBanking - Enter Password
2025-08-05 22:26:22 [main] INFO  eBanking - Click Submit
2025-08-05 22:27:21 [main] INFO  eBanking - Application is launched
2025-08-05 22:27:21 [main] INFO  eBanking - Enter Username
2025-08-05 22:27:21 [main] INFO  eBanking - Enter Password
2025-08-05 22:27:21 [main] INFO  eBanking - Click Submit
2025-08-05 22:27:23 [main] INFO  eBanking - Testcase passed
2025-08-05 22:39:59 [main] INFO  eBanking - Application is launched
2025-08-05 22:39:59 [main] INFO  eBanking - Enter Username
2025-08-05 22:39:59 [main] INFO  eBanking - Enter Password
2025-08-05 22:39:59 [main] INFO  eBanking - Click Submit
2025-08-05 22:40:01 [main] INFO  eBanking - Testcase passed
